120: 
NEW CLIENT
120: 
REQUEST: GET∎0∎id1∎http://caerwyn.com/acme/delicious.acme∎text/html,text/plain,image/x-compressed,*/*∎max-stale=3600

120: transport 1:  get http://caerwyn.com/acme/delicious.acme
120: http: dialing tcp!caerwyn.com!80
120: http: connected
120: http:  response from network or cache: HTTP/1.1 200 OK
date: Tue, 31 Jul 2007 00:02:43 GMT
server: Apache
last-modified: Thu, 19 Jul 2007 21:46:58 GMT
etag: "690181-4e2-469fdbd2"
accept-ranges: bytes
content-length: 1250
connection: close
content-type: text/plain

120: http: reply ready for id1: OK 1250 id1 text/plain http://caerwyn.com/acme/delicious.acme

120: 
REPLY: OK 1250 id1 text/plain http://caerwyn.com/acme/delicious.acme

120: 
REQUEST: GET∎0∎id1∎http://del.icio.us/feeds/json/caerwyn?count=20∎text/html,text/plain,image/x-compressed,*/*∎max-stale=3600

120: transport 1:  get http://del.icio.us/feeds/json/caerwyn?count=20
120: http: dialing tcp!del.icio.us!80
120: http: connected
120: http:  response from network or cache: HTTP/1.1 200 OK
date: Tue, 31 Jul 2007 00:02:43 GMT
p3p: policyref="http://p3p.yahoo.com/w3c/p3p.xml", CP="CAO DSP COR CUR ADM DEV TAI PSA PSD IVAi IVDi CONi TELo OTPi OUR DELi SAMi OTRi UNRi PUBi IND PHY ONL UNI PUR FIN COM NAV INT DEM CNT STA POL HEA PRE GOV"
last-modified: Wed, 25 Jul 2007 11:24:04 GMT
etag: 31313835333632363434
connection: close
content-type: application/x-javascript; charset=utf-8

120: http: reply ready for id1: OK 3362 id1 application/x-javascript http://del.icio.us/feeds/json/caerwyn?count=20

120: 
REPLY: OK 3362 id1 application/x-javascript http://del.icio.us/feeds/json/caerwyn?count=20

